TN:
SF:C:\FSE\FSE-RW1\controllers\AnnoucementController.js
FN:18,saveAnnouncement
FN:22,(anonymous_1)
FN:38,getLatestAnnouncements
FN:40,(anonymous_3)
FN:83,(anonymous_4)
FNF:5
FNH:0
FNDA:0,saveAnnouncement
FNDA:0,(anonymous_1)
FNDA:0,getLatestAnnouncements
FNDA:0,(anonymous_3)
FNDA:0,(anonymous_4)
DA:1,1
DA:2,1
DA:3,1
DA:4,1
DA:5,1
DA:6,1
DA:18,1
DA:20,0
DA:21,0
DA:22,0
DA:24,0
DA:25,0
DA:27,0
DA:38,1
DA:40,0
DA:45,0
DA:47,0
DA:48,0
DA:53,0
DA:58,0
DA:60,0
DA:62,0
DA:66,0
DA:71,0
DA:77,1
DA:78,1
DA:79,1
DA:80,1
DA:81,1
DA:83,1
DA:84,0
DA:85,0
DA:87,0
LF:33
LH:14
BRDA:24,0,0,0
BRDA:24,0,1,0
BRDA:45,1,0,0
BRDA:45,1,1,0
BRDA:84,2,0,0
BRDA:84,2,1,0
BRF:6
BRH:0
end_of_record
TN:
SF:C:\FSE\FSE-RW1\controllers\DB_Controller.js
FN:44,regsterNewUser
FN:46,(anonymous_1)
FN:68,getUserList
FN:70,(anonymous_3)
FN:92,isUserExists
FN:94,(anonymous_5)
FN:113,userLogin
FN:119,(anonymous_7)
FN:165,getUserSortedList
FN:167,(anonymous_9)
FN:183,updateOnlineStatusForLogin
FN:184,(anonymous_11)
FN:198,verifyUserOnline
FN:200,(anonymous_13)
FN:212,AssignUserSocketId
FN:213,(anonymous_15)
FN:226,updateLastStatusCode
FN:228,(anonymous_17)
FN:243,updateOnlineStatusForLogout
FN:245,(anonymous_19)
FN:258,uupdateOnlineStatusForLogoutbySocketID
FN:259,(anonymous_21)
FN:283,saveAnnouncement
FN:286,(anonymous_23)
FN:304,getRecentAnnouncementDatetime
FNF:25
FNH:1
FNDA:0,regsterNewUser
FNDA:0,(anonymous_1)
FNDA:0,getUserList
FNDA:0,(anonymous_3)
FNDA:0,isUserExists
FNDA:0,(anonymous_5)
FNDA:0,userLogin
FNDA:0,(anonymous_7)
FNDA:0,getUserSortedList
FNDA:0,(anonymous_9)
FNDA:0,updateOnlineStatusForLogin
FNDA:0,(anonymous_11)
FNDA:0,verifyUserOnline
FNDA:0,(anonymous_13)
FNDA:0,AssignUserSocketId
FNDA:0,(anonymous_15)
FNDA:0,updateLastStatusCode
FNDA:0,(anonymous_17)
FNDA:0,updateOnlineStatusForLogout
FNDA:0,(anonymous_19)
FNDA:0,uupdateOnlineStatusForLogoutbySocketID
FNDA:0,(anonymous_21)
FNDA:2,saveAnnouncement
FNDA:0,(anonymous_23)
FNDA:0,getRecentAnnouncementDatetime
DA:23,1
DA:29,1
DA:30,1
DA:31,1
DA:32,1
DA:44,1
DA:45,0
DA:46,0
DA:47,0
DA:48,0
DA:50,0
DA:52,0
DA:54,0
DA:68,1
DA:70,0
DA:71,0
DA:72,0
DA:73,0
DA:75,0
DA:76,0
DA:92,1
DA:94,0
DA:95,0
DA:96,0
DA:97,0
DA:98,0
DA:100,0
DA:113,1
DA:115,0
DA:116,0
DA:117,0
DA:118,0
DA:119,0
DA:120,0
DA:123,0
DA:124,0
DA:125,0
DA:126,0
DA:127,0
DA:129,0
DA:130,0
DA:131,0
DA:132,0
DA:133,0
DA:134,0
DA:135,0
DA:136,0
DA:140,0
DA:141,0
DA:142,0
DA:143,0
DA:144,0
DA:149,0
DA:150,0
DA:151,0
DA:153,0
DA:165,1
DA:167,0
DA:168,0
DA:183,1
DA:184,0
DA:185,0
DA:198,1
DA:200,0
DA:201,0
DA:212,1
DA:213,0
DA:214,0
DA:226,1
DA:228,0
DA:229,0
DA:243,1
DA:245,0
DA:246,0
DA:258,1
DA:259,0
DA:260,0
DA:283,1
DA:285,2
DA:286,2
DA:287,0
DA:288,0
DA:289,0
DA:291,0
DA:292,0
DA:304,1
DA:307,0
LF:87
LH:20
BRDA:47,0,0,0
BRDA:47,0,1,0
BRDA:71,1,0,0
BRDA:71,1,1,0
BRDA:95,2,0,0
BRDA:95,2,1,0
BRDA:97,3,0,0
BRDA:97,3,1,0
BRDA:120,4,0,0
BRDA:120,4,1,0
BRDA:129,5,0,0
BRDA:129,5,1,0
BRDA:131,6,0,0
BRDA:131,6,1,0
BRDA:287,7,0,0
BRDA:287,7,1,0
BRF:16
BRH:0
end_of_record
TN:
SF:C:\FSE\FSE-RW1\middleware\schemas.js
FNF:0
FNH:0
DA:18,1
DA:19,1
DA:45,1
DA:57,1
DA:73,1
DA:84,1
DA:93,1
DA:116,1
DA:117,1
DA:118,1
DA:119,1
DA:127,1
DA:128,1
LF:13
LH:13
BRF:0
BRH:0
end_of_record
TN:
SF:C:\FSE\FSE-RW1\models\Announcement.js
FN:7,(anonymous_0)
FN:17,(anonymous_1)
FN:22,(anonymous_2)
FN:28,(anonymous_3)
FN:33,(anonymous_4)
FN:39,(anonymous_5)
FN:44,(anonymous_6)
FN:50,(anonymous_7)
FN:56,(anonymous_8)
FN:63,(anonymous_9)
FN:74,(anonymous_10)
FN:76,(anonymous_11)
FN:92,getLatestAnnouncements
FN:95,(anonymous_13)
FN:122,(anonymous_14)
FNF:15
FNH:5
FNDA:3,(anonymous_0)
FNDA:1,(anonymous_1)
FNDA:0,(anonymous_2)
FNDA:1,(anonymous_3)
FNDA:0,(anonymous_4)
FNDA:1,(anonymous_5)
FNDA:0,(anonymous_6)
FNDA:0,(anonymous_7)
FNDA:0,(anonymous_8)
FNDA:0,(anonymous_9)
FNDA:2,(anonymous_10)
FNDA:0,(anonymous_11)
FNDA:0,getLatestAnnouncements
FNDA:0,(anonymous_13)
FNDA:0,(anonymous_14)
DA:2,1
DA:9,3
DA:10,3
DA:11,3
DA:12,3
DA:19,1
DA:24,0
DA:30,1
DA:35,0
DA:41,1
DA:46,0
DA:52,0
DA:58,0
DA:65,0
DA:76,2
DA:77,0
DA:83,1
DA:92,1
DA:95,0
DA:100,0
DA:102,0
DA:103,0
DA:110,0
DA:111,0
DA:112,0
DA:113,0
DA:116,0
DA:117,0
DA:118,0
DA:121,0
DA:124,0
LF:31
LH:11
BRDA:100,0,0,0
BRDA:100,0,1,0
BRDA:110,1,0,0
BRDA:110,1,1,0
BRF:4
BRH:0
end_of_record
